<?xml version="1.0" encoding="UTF-8" standalone="yes"?><!DOCTYPE report PUBLIC "-//JACOCO//DTD Report 1.1//EN" "report.dtd"><report name="cardio_generator"><sessioninfo id="DESKTOP-Nathan-b311c2c" start="1745174805754" dump="1745174807943"/><package name="com/cardio_generator/outputs"><class name="com/cardio_generator/outputs/WebSocketOutputStrategy" sourcefilename="WebSocketOutputStrategy.java"><method name="&lt;init&gt;" desc="(I)V" line="12"><counter type="INSTRUCTION" missed="19" covered="0"/><counter type="LINE" missed="5" covered="0"/><counter type="COMPLEXITY" missed="1" covered="0"/><counter type="METHOD" missed="1" covered="0"/></method><method name="output" desc="(IJLjava/lang/String;Ljava/lang/String;)V" line="20"><counter type="INSTRUCTION" missed="40" covered="0"/><counter type="BRANCH" missed="2" covered="0"/><counter type="LINE" missed="5" covered="0"/><counter type="COMPLEXITY" missed="2" covered="0"/><counter type="METHOD" missed="1" covered="0"/></method><counter type="INSTRUCTION" missed="59" covered="0"/><counter type="BRANCH" missed="2" covered="0"/><counter type="LINE" missed="10" covered="0"/><counter type="COMPLEXITY" missed="3" covered="0"/><counter type="METHOD" missed="2" covered="0"/><counter type="CLASS" missed="1" covered="0"/></class><class name="com/cardio_generator/outputs/TcpOutputStrategy" sourcefilename="TcpOutputStrategy.java"><method name="&lt;init&gt;" desc="(I)V" line="39"><counter type="INSTRUCTION" missed="22" covered="0"/><counter type="LINE" missed="8" covered="0"/><counter type="COMPLEXITY" missed="1" covered="0"/><counter type="METHOD" missed="1" covered="0"/></method><method name="output" desc="(IJLjava/lang/String;Ljava/lang/String;)V" line="73"><counter type="INSTRUCTION" missed="31" covered="0"/><counter type="BRANCH" missed="2" covered="0"/><counter type="LINE" missed="4" covered="0"/><counter type="COMPLEXITY" missed="2" covered="0"/><counter type="METHOD" missed="1" covered="0"/></method><method name="lambda$new$0" desc="()V" line="47"><counter type="INSTRUCTION" missed="26" covered="0"/><counter type="LINE" missed="7" covered="0"/><counter type="COMPLEXITY" missed="1" covered="0"/><counter type="METHOD" missed="1" covered="0"/></method><counter type="INSTRUCTION" missed="79" covered="0"/><counter type="BRANCH" missed="2" covered="0"/><counter type="LINE" missed="19" covered="0"/><counter type="COMPLEXITY" missed="4" covered="0"/><counter type="METHOD" missed="3" covered="0"/><counter type="CLASS" missed="1" covered="0"/></class><class name="com/cardio_generator/outputs/OutputStrategy" sourcefilename="OutputStrategy.java"/><class name="com/cardio_generator/outputs/ConsoleOutputStrategy" sourcefilename="ConsoleOutputStrategy.java"><method name="&lt;init&gt;" desc="()V" line="3"><counter type="INSTRUCTION" missed="3" covered="0"/><counter type="LINE" missed="1" covered="0"/><counter type="COMPLEXITY" missed="1" covered="0"/><counter type="METHOD" missed="1" covered="0"/></method><method name="output" desc="(IJLjava/lang/String;Ljava/lang/String;)V" line="6"><counter type="INSTRUCTION" missed="25" covered="0"/><counter type="LINE" missed="2" covered="0"/><counter type="COMPLEXITY" missed="1" covered="0"/><counter type="METHOD" missed="1" covered="0"/></method><counter type="INSTRUCTION" missed="28" covered="0"/><counter type="LINE" missed="3" covered="0"/><counter type="COMPLEXITY" missed="2" covered="0"/><counter type="METHOD" missed="2" covered="0"/><counter type="CLASS" missed="1" covered="0"/></class><class name="com/cardio_generator/outputs/WebSocketOutputStrategy$SimpleWebSocketServer" sourcefilename="WebSocketOutputStrategy.java"><method name="&lt;init&gt;" desc="(Ljava/net/InetSocketAddress;)V" line="30"><counter type="INSTRUCTION" missed="4" covered="0"/><counter type="LINE" missed="2" covered="0"/><counter type="COMPLEXITY" missed="1" covered="0"/><counter type="METHOD" missed="1" covered="0"/></method><method name="onOpen" desc="(Lorg/java_websocket/WebSocket;Lorg/java_websocket/handshake/ClientHandshake;)V" line="35"><counter type="INSTRUCTION" missed="7" covered="0"/><counter type="LINE" missed="2" covered="0"/><counter type="COMPLEXITY" missed="1" covered="0"/><counter type="METHOD" missed="1" covered="0"/></method><method name="onClose" desc="(Lorg/java_websocket/WebSocket;ILjava/lang/String;Z)V" line="40"><counter type="INSTRUCTION" missed="7" covered="0"/><counter type="LINE" missed="2" covered="0"/><counter type="COMPLEXITY" missed="1" covered="0"/><counter type="METHOD" missed="1" covered="0"/></method><method name="onMessage" desc="(Lorg/java_websocket/WebSocket;Ljava/lang/String;)V" line="46"><counter type="INSTRUCTION" missed="1" covered="0"/><counter type="LINE" missed="1" covered="0"/><counter type="COMPLEXITY" missed="1" covered="0"/><counter type="METHOD" missed="1" covered="0"/></method><method name="onError" desc="(Lorg/java_websocket/WebSocket;Ljava/lang/Exception;)V" line="50"><counter type="INSTRUCTION" missed="3" covered="0"/><counter type="LINE" missed="2" covered="0"/><counter type="COMPLEXITY" missed="1" covered="0"/><counter type="METHOD" missed="1" covered="0"/></method><method name="onStart" desc="()V" line="55"><counter type="INSTRUCTION" missed="4" covered="0"/><counter type="LINE" missed="2" covered="0"/><counter type="COMPLEXITY" missed="1" covered="0"/><counter type="METHOD" missed="1" covered="0"/></method><counter type="INSTRUCTION" missed="26" covered="0"/><counter type="LINE" missed="11" covered="0"/><counter type="COMPLEXITY" missed="6" covered="0"/><counter type="METHOD" missed="6" covered="0"/><counter type="CLASS" missed="1" covered="0"/></class><class name="com/cardio_generator/outputs/FileOutputStrategy" sourcefilename="FileOutputStrategy.java"><method name="&lt;init&gt;" desc="(Ljava/lang/String;)V" line="30"><counter type="INSTRUCTION" missed="11" covered="0"/><counter type="LINE" missed="4" covered="0"/><counter type="COMPLEXITY" missed="1" covered="0"/><counter type="METHOD" missed="1" covered="0"/></method><method name="output" desc="(IJLjava/lang/String;Ljava/lang/String;)V" line="58"><counter type="INSTRUCTION" missed="78" covered="0"/><counter type="LINE" missed="13" covered="0"/><counter type="COMPLEXITY" missed="1" covered="0"/><counter type="METHOD" missed="1" covered="0"/></method><method name="lambda$output$0" desc="(Ljava/lang/String;Ljava/lang/String;)Ljava/lang/String;" line="65"><counter type="INSTRUCTION" missed="12" covered="0"/><counter type="LINE" missed="1" covered="0"/><counter type="COMPLEXITY" missed="1" covered="0"/><counter type="METHOD" missed="1" covered="0"/></method><counter type="INSTRUCTION" missed="101" covered="0"/><counter type="LINE" missed="17" covered="0"/><counter type="COMPLEXITY" missed="3" covered="0"/><counter type="METHOD" missed="3" covered="0"/><counter type="CLASS" missed="1" covered="0"/></class><sourcefile name="TcpOutputStrategy.java"><line nr="39" mi="2" ci="0" mb="0" cb="0"/><line nr="41" mi="6" ci="0" mb="0" cb="0"/><line nr="42" mi="4" ci="0" mb="0" cb="0"/><line nr="45" mi="5" ci="0" mb="0" cb="0"/><line nr="47" mi="5" ci="0" mb="0" cb="0"/><line nr="48" mi="9" ci="0" mb="0" cb="0"/><line nr="49" mi="7" ci="0" mb="0" cb="0"/><line nr="50" mi="1" ci="0" mb="0" cb="0"/><line nr="51" mi="2" ci="0" mb="0" cb="0"/><line nr="52" mi="1" ci="0" mb="0" cb="0"/><line nr="53" mi="1" ci="0" mb="0" cb="0"/><line nr="54" mi="1" ci="0" mb="0" cb="0"/><line nr="55" mi="2" ci="0" mb="0" cb="0"/><line nr="56" mi="1" ci="0" mb="0" cb="0"/><line nr="57" mi="1" ci="0" mb="0" cb="0"/><line nr="73" mi="3" ci="0" mb="2" cb="0"/><line nr="74" mi="23" ci="0" mb="0" cb="0"/><line nr="75" mi="4" ci="0" mb="0" cb="0"/><line nr="77" mi="1" ci="0" mb="0" cb="0"/><counter type="INSTRUCTION" missed="79" covered="0"/><counter type="BRANCH" missed="2" covered="0"/><counter type="LINE" missed="19" covered="0"/><counter type="COMPLEXITY" missed="4" covered="0"/><counter type="METHOD" missed="3" covered="0"/><counter type="CLASS" missed="1" covered="0"/></sourcefile><sourcefile name="ConsoleOutputStrategy.java"><line nr="3" mi="3" ci="0" mb="0" cb="0"/><line nr="6" mi="24" ci="0" mb="0" cb="0"/><line nr="7" mi="1" ci="0" mb="0" cb="0"/><counter type="INSTRUCTION" missed="28" covered="0"/><counter type="LINE" missed="3" covered="0"/><counter type="COMPLEXITY" missed="2" covered="0"/><counter type="METHOD" missed="2" covered="0"/><counter type="CLASS" missed="1" covered="0"/></sourcefile><sourcefile name="FileOutputStrategy.java"><line nr="30" mi="5" ci="0" mb="0" cb="0"/><line nr="38" mi="2" ci="0" mb="0" cb="0"/><line nr="39" mi="3" ci="0" mb="0" cb="0"/><line nr="40" mi="1" ci="0" mb="0" cb="0"/><line nr="58" mi="9" ci="0" mb="0" cb="0"/><line nr="59" mi="1" ci="0" mb="0" cb="0"/><line nr="60" mi="5" ci="0" mb="0" cb="0"/><line nr="61" mi="1" ci="0" mb="0" cb="0"/><line nr="62" mi="1" ci="0" mb="0" cb="0"/><line nr="65" mi="21" ci="0" mb="0" cb="0"/><line nr="68" mi="5" ci="0" mb="0" cb="0"/><line nr="69" mi="14" ci="0" mb="0" cb="0"/><line nr="70" mi="24" ci="0" mb="0" cb="0"/><line nr="71" mi="1" ci="0" mb="0" cb="0"/><line nr="72" mi="6" ci="0" mb="0" cb="0"/><line nr="73" mi="1" ci="0" mb="0" cb="0"/><line nr="74" mi="1" ci="0" mb="0" cb="0"/><counter type="INSTRUCTION" missed="101" covered="0"/><counter type="LINE" missed="17" covered="0"/><counter type="COMPLEXITY" missed="3" covered="0"/><counter type="METHOD" missed="3" covered="0"/><counter type="CLASS" missed="1" covered="0"/></sourcefile><sourcefile name="OutputStrategy.java"/><sourcefile name="WebSocketOutputStrategy.java"><line nr="12" mi="2" ci="0" mb="0" cb="0"/><line nr="13" mi="9" ci="0" mb="0" cb="0"/><line nr="14" mi="4" ci="0" mb="0" cb="0"/><line nr="15" mi="3" ci="0" mb="0" cb="0"/><line nr="16" mi="1" ci="0" mb="0" cb="0"/><line nr="20" mi="23" ci="0" mb="0" cb="0"/><line nr="22" mi="12" ci="0" mb="2" cb="0"/><line nr="23" mi="3" ci="0" mb="0" cb="0"/><line nr="24" mi="1" ci="0" mb="0" cb="0"/><line nr="25" mi="1" ci="0" mb="0" cb="0"/><line nr="30" mi="3" ci="0" mb="0" cb="0"/><line nr="31" mi="1" ci="0" mb="0" cb="0"/><line nr="35" mi="6" ci="0" mb="0" cb="0"/><line nr="36" mi="1" ci="0" mb="0" cb="0"/><line nr="40" mi="6" ci="0" mb="0" cb="0"/><line nr="41" mi="1" ci="0" mb="0" cb="0"/><line nr="46" mi="1" ci="0" mb="0" cb="0"/><line nr="50" mi="2" ci="0" mb="0" cb="0"/><line nr="51" mi="1" ci="0" mb="0" cb="0"/><line nr="55" mi="3" ci="0" mb="0" cb="0"/><line nr="56" mi="1" ci="0" mb="0" cb="0"/><counter type="INSTRUCTION" missed="85" covered="0"/><counter type="BRANCH" missed="2" covered="0"/><counter type="LINE" missed="21" covered="0"/><counter type="COMPLEXITY" missed="9" covered="0"/><counter type="METHOD" missed="8" covered="0"/><counter type="CLASS" missed="2" covered="0"/></sourcefile><counter type="INSTRUCTION" missed="293" covered="0"/><counter type="BRANCH" missed="4" covered="0"/><counter type="LINE" missed="60" covered="0"/><counter type="COMPLEXITY" missed="18" covered="0"/><counter type="METHOD" missed="16" covered="0"/><counter type="CLASS" missed="5" covered="0"/></package><package name="com/alerts/strategies"><class name="com/alerts/strategies/HypoxemiaStrategy" sourcefilename="HypoxemiaStrategy.java"><method name="&lt;init&gt;" desc="()V" line="12"><counter type="INSTRUCTION" missed="0" covered="3"/><counter type="LINE" missed="0" covered="1"/><counter type="COMPLEXITY" missed="0" covered="1"/><counter type="METHOD" missed="0" covered="1"/></method><method name="checkAlert" desc="(Lcom/data_management/Patient;Lcom/alerts/AlertGenerator;)V" line="20"><counter type="INSTRUCTION" missed="0" covered="57"/><counter type="BRANCH" missed="1" covered="5"/><counter type="LINE" missed="0" covered="12"/><counter type="COMPLEXITY" missed="1" covered="3"/><counter type="METHOD" missed="0" covered="1"/></method><method name="checkHypotensiveHypoxemia" desc="(Ljava/util/List;Ljava/util/List;ILcom/alerts/AlertGenerator;)V" line="39"><counter type="INSTRUCTION" missed="1" covered="63"/><counter type="BRANCH" missed="2" covered="6"/><counter type="LINE" missed="1" covered="12"/><counter type="COMPLEXITY" missed="2" covered="3"/><counter type="METHOD" missed="0" covered="1"/></method><counter type="INSTRUCTION" missed="1" covered="123"/><counter type="BRANCH" missed="3" covered="11"/><counter type="LINE" missed="1" covered="25"/><counter type="COMPLEXITY" missed="3" covered="7"/><counter type="METHOD" missed="0" covered="3"/><counter type="CLASS" missed="0" covered="1"/></class><class name="com/alerts/strategies/BloodOxygenStrategy" sourcefilename="BloodOxygenStrategy.java"><method name="&lt;init&gt;" desc="()V" line="12"><counter type="INSTRUCTION" missed="0" covered="3"/><counter type="LINE" missed="0" covered="1"/><counter type="COMPLEXITY" missed="0" covered="1"/><counter type="METHOD" missed="0" covered="1"/></method><method name="checkAlert" desc="(Lcom/data_management/Patient;Lcom/alerts/AlertGenerator;)V" line="20"><counter type="INSTRUCTION" missed="0" covered="44"/><counter type="BRANCH" missed="1" covered="3"/><counter type="LINE" missed="0" covered="9"/><counter type="COMPLEXITY" missed="1" covered="2"/><counter type="METHOD" missed="0" covered="1"/></method><method name="checkLowOxygen" desc="(Ljava/util/List;ILcom/alerts/AlertGenerator;)V" line="40"><counter type="INSTRUCTION" missed="0" covered="30"/><counter type="BRANCH" missed="0" covered="4"/><counter type="LINE" missed="0" covered="8"/><counter type="COMPLEXITY" missed="0" covered="3"/><counter type="METHOD" missed="0" covered="1"/></method><method name="checkRapidDrop" desc="(Ljava/util/List;ILcom/alerts/AlertGenerator;)V" line="54"><counter type="INSTRUCTION" missed="0" covered="94"/><counter type="BRANCH" missed="0" covered="10"/><counter type="LINE" missed="0" covered="20"/><counter type="COMPLEXITY" missed="0" covered="6"/><counter type="METHOD" missed="0" covered="1"/></method><counter type="INSTRUCTION" missed="0" covered="171"/><counter type="BRANCH" missed="1" covered="17"/><counter type="LINE" missed="0" covered="38"/><counter type="COMPLEXITY" missed="1" covered="12"/><counter type="METHOD" missed="0" covered="4"/><counter type="CLASS" missed="0" covered="1"/></class><class name="com/alerts/strategies/BloodPressureStrategy" sourcefilename="BloodPressureStrategy.java"><method name="&lt;init&gt;" desc="()V" line="11"><counter type="INSTRUCTION" missed="0" covered="3"/><counter type="LINE" missed="0" covered="1"/><counter type="COMPLEXITY" missed="0" covered="1"/><counter type="METHOD" missed="0" covered="1"/></method><method name="checkAlert" desc="(Lcom/data_management/Patient;Lcom/alerts/AlertGenerator;)V" line="15"><counter type="INSTRUCTION" missed="0" covered="73"/><counter type="BRANCH" missed="1" covered="4"/><counter type="LINE" missed="0" covered="13"/><counter type="COMPLEXITY" missed="1" covered="3"/><counter type="METHOD" missed="0" covered="1"/></method><method name="checkCriticalThreshold" desc="(Ljava/util/List;Ljava/lang/String;DDILcom/alerts/AlertGenerator;)V" line="39"><counter type="INSTRUCTION" missed="0" covered="35"/><counter type="BRANCH" missed="0" covered="6"/><counter type="LINE" missed="0" covered="8"/><counter type="COMPLEXITY" missed="0" covered="4"/><counter type="METHOD" missed="0" covered="1"/></method><method name="checkTrend" desc="(Ljava/util/List;Ljava/lang/String;ILcom/alerts/AlertGenerator;)V" line="53"><counter type="INSTRUCTION" missed="0" covered="135"/><counter type="BRANCH" missed="3" covered="7"/><counter type="LINE" missed="0" covered="22"/><counter type="COMPLEXITY" missed="3" covered="3"/><counter type="METHOD" missed="0" covered="1"/></method><method name="lambda$checkTrend$0" desc="(Lcom/data_management/PatientRecord;Lcom/data_management/PatientRecord;)I" line="53"><counter type="INSTRUCTION" missed="0" covered="6"/><counter type="LINE" missed="0" covered="1"/><counter type="COMPLEXITY" missed="0" covered="1"/><counter type="METHOD" missed="0" covered="1"/></method><counter type="INSTRUCTION" missed="0" covered="252"/><counter type="BRANCH" missed="4" covered="17"/><counter type="LINE" missed="0" covered="44"/><counter type="COMPLEXITY" missed="4" covered="12"/><counter type="METHOD" missed="0" covered="5"/><counter type="CLASS" missed="0" covered="1"/></class><class name="com/alerts/strategies/ECGStrategy" sourcefilename="ECGStrategy.java"><method name="&lt;init&gt;" desc="()V" line="12"><counter type="INSTRUCTION" missed="0" covered="3"/><counter type="LINE" missed="0" covered="1"/><counter type="COMPLEXITY" missed="0" covered="1"/><counter type="METHOD" missed="0" covered="1"/></method><method name="checkAlert" desc="(Lcom/data_management/Patient;Lcom/alerts/AlertGenerator;)V" line="19"><counter type="INSTRUCTION" missed="0" covered="38"/><counter type="BRANCH" missed="1" covered="3"/><counter type="LINE" missed="0" covered="8"/><counter type="COMPLEXITY" missed="1" covered="2"/><counter type="METHOD" missed="0" covered="1"/></method><method name="checkAbnormalPeaks" desc="(Ljava/util/List;ILcom/alerts/AlertGenerator;)V" line="37"><counter type="INSTRUCTION" missed="1" covered="80"/><counter type="BRANCH" missed="1" covered="7"/><counter type="LINE" missed="1" covered="17"/><counter type="COMPLEXITY" missed="1" covered="4"/><counter type="METHOD" missed="0" covered="1"/></method><counter type="INSTRUCTION" missed="1" covered="121"/><counter type="BRANCH" missed="2" covered="10"/><counter type="LINE" missed="1" covered="26"/><counter type="COMPLEXITY" missed="2" covered="7"/><counter type="METHOD" missed="0" covered="3"/><counter type="CLASS" missed="0" covered="1"/></class><class name="com/alerts/strategies/TriggeredAlertStrategy" sourcefilename="TriggeredAlertStrategy.java"><method name="&lt;init&gt;" desc="()V" line="10"><counter type="INSTRUCTION" missed="0" covered="3"/><counter type="LINE" missed="0" covered="1"/><counter type="COMPLEXITY" missed="0" covered="1"/><counter type="METHOD" missed="0" covered="1"/></method><method name="checkAlert" desc="(Lcom/data_management/Patient;Lcom/alerts/AlertGenerator;)V" line="15"><counter type="INSTRUCTION" missed="0" covered="35"/><counter type="BRANCH" missed="1" covered="3"/><counter type="LINE" missed="0" covered="9"/><counter type="COMPLEXITY" missed="1" covered="2"/><counter type="METHOD" missed="0" covered="1"/></method><counter type="INSTRUCTION" missed="0" covered="38"/><counter type="BRANCH" missed="1" covered="3"/><counter type="LINE" missed="0" covered="10"/><counter type="COMPLEXITY" missed="1" covered="3"/><counter type="METHOD" missed="0" covered="2"/><counter type="CLASS" missed="0" covered="1"/></class><sourcefile name="TriggeredAlertStrategy.java"><line nr="10" mi="0" ci="3" mb="0" cb="0"/><line nr="15" mi="0" ci="5" mb="0" cb="0"/><line nr="16" mi="0" ci="10" mb="0" cb="2"/><line nr="17" mi="0" ci="5" mb="1" cb="1"/><line nr="18" mi="0" ci="5" mb="0" cb="0"/><line nr="19" mi="0" ci="3" mb="0" cb="0"/><line nr="20" mi="0" ci="3" mb="0" cb="0"/><line nr="21" mi="0" ci="2" mb="0" cb="0"/><line nr="24" mi="0" ci="1" mb="0" cb="0"/><line nr="25" mi="0" ci="1" mb="0" cb="0"/><counter type="INSTRUCTION" missed="0" covered="38"/><counter type="BRANCH" missed="1" covered="3"/><counter type="LINE" missed="0" covered="10"/><counter type="COMPLEXITY" missed="1" covered="3"/><counter type="METHOD" missed="0" covered="2"/><counter type="CLASS" missed="0" covered="1"/></sourcefile><sourcefile name="BloodOxygenStrategy.java"><line nr="12" mi="0" ci="3" mb="0" cb="0"/><line nr="20" mi="0" ci="4" mb="0" cb="0"/><line nr="23" mi="0" ci="13" mb="0" cb="2"/><line nr="24" mi="0" ci="5" mb="1" cb="1"/><line nr="25" mi="0" ci="4" mb="0" cb="0"/><line nr="27" mi="0" ci="1" mb="0" cb="0"/><line nr="30" mi="0" ci="4" mb="0" cb="0"/><line nr="33" mi="0" ci="6" mb="0" cb="0"/><line nr="36" mi="0" ci="6" mb="0" cb="0"/><line nr="37" mi="0" ci="1" mb="0" cb="0"/><line nr="40" mi="0" ci="10" mb="0" cb="2"/><line nr="41" mi="0" ci="3" mb="0" cb="0"/><line nr="42" mi="0" ci="4" mb="0" cb="2"/><line nr="43" mi="0" ci="5" mb="0" cb="0"/><line nr="44" mi="0" ci="4" mb="0" cb="0"/><line nr="46" mi="0" ci="2" mb="0" cb="0"/><line nr="49" mi="0" ci="1" mb="0" cb="0"/><line nr="50" mi="0" ci="1" mb="0" cb="0"/><line nr="54" mi="0" ci="4" mb="0" cb="2"/><line nr="55" mi="0" ci="1" mb="0" cb="0"/><line nr="58" mi="0" ci="10" mb="0" cb="2"/><line nr="59" mi="0" ci="5" mb="0" cb="0"/><line nr="62" mi="0" ci="10" mb="0" cb="2"/><line nr="63" mi="0" ci="5" mb="0" cb="0"/><line nr="64" mi="0" ci="6" mb="0" cb="0"/><line nr="67" mi="0" ci="4" mb="0" cb="2"/><line nr="68" mi="0" ci="6" mb="0" cb="0"/><line nr="71" mi="0" ci="4" mb="0" cb="2"/><line nr="72" mi="0" ci="5" mb="0" cb="0"/><line nr="73" mi="0" ci="7" mb="0" cb="0"/><line nr="74" mi="0" ci="2" mb="0" cb="0"/><line nr="75" mi="0" ci="6" mb="0" cb="0"/><line nr="76" mi="0" ci="6" mb="0" cb="0"/><line nr="77" mi="0" ci="7" mb="0" cb="0"/><line nr="78" mi="0" ci="2" mb="0" cb="0"/><line nr="79" mi="0" ci="2" mb="0" cb="0"/><line nr="81" mi="0" ci="1" mb="0" cb="0"/><line nr="89" mi="0" ci="1" mb="0" cb="0"/><counter type="INSTRUCTION" missed="0" covered="171"/><counter type="BRANCH" missed="1" covered="17"/><counter type="LINE" missed="0" covered="38"/><counter type="COMPLEXITY" missed="1" covered="12"/><counter type="METHOD" missed="0" covered="4"/><counter type="CLASS" missed="0" covered="1"/></sourcefile><sourcefile name="BloodPressureStrategy.java"><line nr="11" mi="0" ci="3" mb="0" cb="0"/><line nr="15" mi="0" ci="4" mb="0" cb="0"/><line nr="16" mi="0" ci="4" mb="0" cb="0"/><line nr="18" mi="0" ci="13" mb="0" cb="2"/><line nr="19" mi="0" ci="9" mb="1" cb="2"/><line nr="21" mi="0" ci="4" mb="0" cb="0"/><line nr="22" mi="0" ci="1" mb="0" cb="0"/><line nr="24" mi="0" ci="4" mb="0" cb="0"/><line nr="27" mi="0" ci="1" mb="0" cb="0"/><line nr="30" mi="0" ci="9" mb="0" cb="0"/><line nr="31" mi="0" ci="9" mb="0" cb="0"/><line nr="34" mi="0" ci="7" mb="0" cb="0"/><line nr="35" mi="0" ci="7" mb="0" cb="0"/><line nr="36" mi="0" ci="1" mb="0" cb="0"/><line nr="39" mi="0" ci="10" mb="0" cb="2"/><line nr="40" mi="0" ci="3" mb="0" cb="0"/><line nr="41" mi="0" ci="8" mb="0" cb="4"/><line nr="42" mi="0" ci="5" mb="0" cb="0"/><line nr="43" mi="0" ci="5" mb="0" cb="0"/><line nr="45" mi="0" ci="2" mb="0" cb="0"/><line nr="48" mi="0" ci="1" mb="0" cb="0"/><line nr="49" mi="0" ci="1" mb="0" cb="0"/><line nr="53" mi="0" ci="9" mb="0" cb="0"/><line nr="56" mi="0" ci="10" mb="0" cb="2"/><line nr="57" mi="0" ci="5" mb="0" cb="0"/><line nr="58" mi="0" ci="7" mb="0" cb="0"/><line nr="59" mi="0" ci="7" mb="0" cb="0"/><line nr="61" mi="0" ci="3" mb="0" cb="0"/><line nr="62" mi="0" ci="3" mb="0" cb="0"/><line nr="63" mi="0" ci="3" mb="0" cb="0"/><line nr="66" mi="0" ci="12" mb="1" cb="3"/><line nr="67" mi="0" ci="12" mb="0" cb="0"/><line nr="69" mi="0" ci="12" mb="0" cb="0"/><line nr="71" mi="0" ci="5" mb="0" cb="0"/><line nr="72" mi="0" ci="3" mb="0" cb="0"/><line nr="74" mi="0" ci="2" mb="0" cb="0"/><line nr="76" mi="0" ci="1" mb="0" cb="0"/><line nr="78" mi="0" ci="12" mb="2" cb="2"/><line nr="79" mi="0" ci="12" mb="0" cb="0"/><line nr="81" mi="0" ci="12" mb="0" cb="0"/><line nr="83" mi="0" ci="5" mb="0" cb="0"/><line nr="84" mi="0" ci="3" mb="0" cb="0"/><line nr="86" mi="0" ci="2" mb="0" cb="0"/><line nr="90" mi="0" ci="1" mb="0" cb="0"/><counter type="INSTRUCTION" missed="0" covered="252"/><counter type="BRANCH" missed="4" covered="17"/><counter type="LINE" missed="0" covered="44"/><counter type="COMPLEXITY" missed="4" covered="12"/><counter type="METHOD" missed="0" covered="5"/><counter type="CLASS" missed="0" covered="1"/></sourcefile><sourcefile name="ECGStrategy.java"><line nr="12" mi="0" ci="3" mb="0" cb="0"/><line nr="19" mi="0" ci="4" mb="0" cb="0"/><line nr="22" mi="0" ci="13" mb="0" cb="2"/><line nr="23" mi="0" ci="5" mb="1" cb="1"/><line nr="24" mi="0" ci="4" mb="0" cb="0"/><line nr="26" mi="0" ci="1" mb="0" cb="0"/><line nr="29" mi="0" ci="4" mb="0" cb="0"/><line nr="32" mi="0" ci="6" mb="0" cb="0"/><line nr="33" mi="0" ci="1" mb="0" cb="0"/><line nr="37" mi="0" ci="4" mb="1" cb="1"/><line nr="38" mi="1" ci="0" mb="0" cb="0"/><line nr="41" mi="0" ci="8" mb="0" cb="2"/><line nr="43" mi="0" ci="2" mb="0" cb="0"/><line nr="44" mi="0" ci="9" mb="0" cb="2"/><line nr="45" mi="0" ci="8" mb="0" cb="0"/><line nr="47" mi="0" ci="4" mb="0" cb="0"/><line nr="50" mi="0" ci="5" mb="0" cb="0"/><line nr="51" mi="0" ci="3" mb="0" cb="0"/><line nr="53" mi="0" ci="6" mb="0" cb="2"/><line nr="54" mi="0" ci="5" mb="0" cb="0"/><line nr="55" mi="0" ci="7" mb="0" cb="0"/><line nr="56" mi="0" ci="2" mb="0" cb="0"/><line nr="57" mi="0" ci="7" mb="0" cb="0"/><line nr="58" mi="0" ci="5" mb="0" cb="0"/><line nr="59" mi="0" ci="2" mb="0" cb="0"/><line nr="60" mi="0" ci="2" mb="0" cb="0"/><line nr="64" mi="0" ci="1" mb="0" cb="0"/><counter type="INSTRUCTION" missed="1" covered="121"/><counter type="BRANCH" missed="2" covered="10"/><counter type="LINE" missed="1" covered="26"/><counter type="COMPLEXITY" missed="2" covered="7"/><counter type="METHOD" missed="0" covered="3"/><counter type="CLASS" missed="0" covered="1"/></sourcefile><sourcefile name="HypoxemiaStrategy.java"><line nr="12" mi="0" ci="3" mb="0" cb="0"/><line nr="20" mi="0" ci="4" mb="0" cb="0"/><line nr="21" mi="0" ci="4" mb="0" cb="0"/><line nr="23" mi="0" ci="13" mb="0" cb="2"/><line nr="24" mi="0" ci="5" mb="0" cb="2"/><line nr="25" mi="0" ci="5" mb="0" cb="0"/><line nr="26" mi="0" ci="5" mb="1" cb="1"/><line nr="27" mi="0" ci="4" mb="0" cb="0"/><line nr="29" mi="0" ci="1" mb="0" cb="0"/><line nr="32" mi="0" ci="4" mb="0" cb="0"/><line nr="33" mi="0" ci="4" mb="0" cb="0"/><line nr="35" mi="0" ci="7" mb="0" cb="0"/><line nr="36" mi="0" ci="1" mb="0" cb="0"/><line nr="39" mi="0" ci="6" mb="2" cb="2"/><line nr="40" mi="1" ci="0" mb="0" cb="0"/><line nr="44" mi="0" ci="8" mb="0" cb="0"/><line nr="45" mi="0" ci="8" mb="0" cb="0"/><line nr="49" mi="0" ci="6" mb="0" cb="2"/><line nr="50" mi="0" ci="4" mb="0" cb="2"/><line nr="53" mi="0" ci="6" mb="0" cb="0"/><line nr="55" mi="0" ci="5" mb="0" cb="0"/><line nr="56" mi="0" ci="7" mb="0" cb="0"/><line nr="57" mi="0" ci="3" mb="0" cb="0"/><line nr="58" mi="0" ci="6" mb="0" cb="0"/><line nr="59" mi="0" ci="3" mb="0" cb="0"/><line nr="63" mi="0" ci="1" mb="0" cb="0"/><counter type="INSTRUCTION" missed="1" covered="123"/><counter type="BRANCH" missed="3" covered="11"/><counter type="LINE" missed="1" covered="25"/><counter type="COMPLEXITY" missed="3" covered="7"/><counter type="METHOD" missed="0" covered="3"/><counter type="CLASS" missed="0" covered="1"/></sourcefile><counter type="INSTRUCTION" missed="2" covered="705"/><counter type="BRANCH" missed="11" covered="58"/><counter type="LINE" missed="2" covered="143"/><counter type="COMPLEXITY" missed="11" covered="41"/><counter type="METHOD" missed="0" covered="17"/><counter type="CLASS" missed="0" covered="5"/></package><package name="com/cardio_generator/generators"><class name="com/cardio_generator/generators/AlertGenerator" sourcefilename="AlertGenerator.java"><method name="&lt;init&gt;" desc="(I)V" line="33"><counter type="INSTRUCTION" missed="9" covered="0"/><counter type="LINE" missed="3" covered="0"/><counter type="COMPLEXITY" missed="1" covered="0"/><counter type="METHOD" missed="1" covered="0"/></method><method name="generate" desc="(ILcom/cardio_generator/outputs/OutputStrategy;)V" line="51"><counter type="INSTRUCTION" missed="60" covered="0"/><counter type="BRANCH" missed="8" covered="0"/><counter type="LINE" missed="15" covered="0"/><counter type="COMPLEXITY" missed="5" covered="0"/><counter type="METHOD" missed="1" covered="0"/></method><method name="&lt;clinit&gt;" desc="()V" line="19"><counter type="INSTRUCTION" missed="5" covered="0"/><counter type="LINE" missed="1" covered="0"/><counter type="COMPLEXITY" missed="1" covered="0"/><counter type="METHOD" missed="1" covered="0"/></method><counter type="INSTRUCTION" missed="74" covered="0"/><counter type="BRANCH" missed="8" covered="0"/><counter type="LINE" missed="19" covered="0"/><counter type="COMPLEXITY" missed="7" covered="0"/><counter type="METHOD" missed="3" covered="0"/><counter type="CLASS" missed="1" covered="0"/></class><class name="com/cardio_generator/generators/BloodPressureDataGenerator" sourcefilename="BloodPressureDataGenerator.java"><method name="&lt;init&gt;" desc="(I)V" line="13"><counter type="INSTRUCTION" missed="40" covered="0"/><counter type="BRANCH" missed="2" covered="0"/><counter type="LINE" missed="7" covered="0"/><counter type="COMPLEXITY" missed="2" covered="0"/><counter type="METHOD" missed="1" covered="0"/></method><method name="generate" desc="(ILcom/cardio_generator/outputs/OutputStrategy;)V" line="27"><counter type="INSTRUCTION" missed="73" covered="0"/><counter type="LINE" missed="17" covered="0"/><counter type="COMPLEXITY" missed="1" covered="0"/><counter type="METHOD" missed="1" covered="0"/></method><method name="&lt;clinit&gt;" desc="()V" line="8"><counter type="INSTRUCTION" missed="5" covered="0"/><counter type="LINE" missed="1" covered="0"/><counter type="COMPLEXITY" missed="1" covered="0"/><counter type="METHOD" missed="1" covered="0"/></method><counter type="INSTRUCTION" missed="118" covered="0"/><counter type="BRANCH" missed="2" covered="0"/><counter type="LINE" missed="25" covered="0"/><counter type="COMPLEXITY" missed="4" covered="0"/><counter type="METHOD" missed="3" covered="0"/><counter type="CLASS" missed="1" covered="0"/></class><class name="com/cardio_generator/generators/PatientDataGenerator" sourcefilename="PatientDataGenerator.java"/><class name="com/cardio_generator/generators/BloodSaturationDataGenerator" sourcefilename="BloodSaturationDataGenerator.java"><method name="&lt;init&gt;" desc="(I)V" line="32"><counter type="INSTRUCTION" missed="25" covered="0"/><counter type="BRANCH" missed="2" covered="0"/><counter type="LINE" missed="5" covered="0"/><counter type="COMPLEXITY" missed="2" covered="0"/><counter type="METHOD" missed="1" covered="0"/></method><method name="generate" desc="(ILcom/cardio_generator/outputs/OutputStrategy;)V" line="55"><counter type="INSTRUCTION" missed="42" covered="0"/><counter type="LINE" missed="11" covered="0"/><counter type="COMPLEXITY" missed="1" covered="0"/><counter type="METHOD" missed="1" covered="0"/></method><method name="&lt;clinit&gt;" desc="()V" line="18"><counter type="INSTRUCTION" missed="5" covered="0"/><counter type="LINE" missed="1" covered="0"/><counter type="COMPLEXITY" missed="1" covered="0"/><counter type="METHOD" missed="1" covered="0"/></method><counter type="INSTRUCTION" missed="72" covered="0"/><counter type="BRANCH" missed="2" covered="0"/><counter type="LINE" missed="17" covered="0"/><counter type="COMPLEXITY" missed="4" covered="0"/><counter type="METHOD" missed="3" covered="0"/><counter type="CLASS" missed="1" covered="0"/></class><class name="com/cardio_generator/generators/ECGDataGenerator" sourcefilename="ECGDataGenerator.java"><method name="&lt;init&gt;" desc="(I)V" line="12"><counter type="INSTRUCTION" missed="21" covered="0"/><counter type="BRANCH" missed="2" covered="0"/><counter type="LINE" missed="5" covered="0"/><counter type="COMPLEXITY" missed="2" covered="0"/><counter type="METHOD" missed="1" covered="0"/></method><method name="generate" desc="(ILcom/cardio_generator/outputs/OutputStrategy;)V" line="24"><counter type="INSTRUCTION" missed="29" covered="0"/><counter type="LINE" missed="8" covered="0"/><counter type="COMPLEXITY" missed="1" covered="0"/><counter type="METHOD" missed="1" covered="0"/></method><method name="simulateEcgWaveform" desc="(ID)D" line="35"><counter type="INSTRUCTION" missed="56" covered="0"/><counter type="LINE" missed="7" covered="0"/><counter type="COMPLEXITY" missed="1" covered="0"/><counter type="METHOD" missed="1" covered="0"/></method><method name="&lt;clinit&gt;" desc="()V" line="8"><counter type="INSTRUCTION" missed="5" covered="0"/><counter type="LINE" missed="1" covered="0"/><counter type="COMPLEXITY" missed="1" covered="0"/><counter type="METHOD" missed="1" covered="0"/></method><counter type="INSTRUCTION" missed="111" covered="0"/><counter type="BRANCH" missed="2" covered="0"/><counter type="LINE" missed="21" covered="0"/><counter type="COMPLEXITY" missed="5" covered="0"/><counter type="METHOD" missed="4" covered="0"/><counter type="CLASS" missed="1" covered="0"/></class><class name="com/cardio_generator/generators/BloodLevelsDataGenerator" sourcefilename="BloodLevelsDataGenerator.java"><method name="&lt;init&gt;" desc="(I)V" line="13"><counter type="INSTRUCTION" missed="58" covered="0"/><counter type="BRANCH" missed="2" covered="0"/><counter type="LINE" missed="9" covered="0"/><counter type="COMPLEXITY" missed="2" covered="0"/><counter type="METHOD" missed="1" covered="0"/></method><method name="generate" desc="(ILcom/cardio_generator/outputs/OutputStrategy;)V" line="31"><counter type="INSTRUCTION" missed="66" covered="0"/><counter type="LINE" missed="12" covered="0"/><counter type="COMPLEXITY" missed="1" covered="0"/><counter type="METHOD" missed="1" covered="0"/></method><method name="&lt;clinit&gt;" desc="()V" line="8"><counter type="INSTRUCTION" missed="5" covered="0"/><counter type="LINE" missed="1" covered="0"/><counter type="COMPLEXITY" missed="1" covered="0"/><counter type="METHOD" missed="1" covered="0"/></method><counter type="INSTRUCTION" missed="129" covered="0"/><counter type="BRANCH" missed="2" covered="0"/><counter type="LINE" missed="22" covered="0"/><counter type="COMPLEXITY" missed="4" covered="0"/><counter type="METHOD" missed="3" covered="0"/><counter type="CLASS" missed="1" covered="0"/></class><sourcefile name="BloodSaturationDataGenerator.java"><line nr="18" mi="5" ci="0" mb="0" cb="0"/><line nr="32" mi="2" ci="0" mb="0" cb="0"/><line nr="33" mi="6" ci="0" mb="0" cb="0"/><line nr="36" mi="7" ci="0" mb="2" cb="0"/><line nr="37" mi="9" ci="0" mb="0" cb="0"/><line nr="39" mi="1" ci="0" mb="0" cb="0"/><line nr="55" mi="6" ci="0" mb="0" cb="0"/><line nr="56" mi="7" ci="0" mb="0" cb="0"/><line nr="59" mi="6" ci="0" mb="0" cb="0"/><line nr="60" mi="5" ci="0" mb="0" cb="0"/><line nr="61" mi="7" ci="0" mb="0" cb="0"/><line nr="62" mi="2" ci="0" mb="0" cb="0"/><line nr="63" mi="1" ci="0" mb="0" cb="0"/><line nr="64" mi="4" ci="0" mb="0" cb="0"/><line nr="65" mi="2" ci="0" mb="0" cb="0"/><line nr="66" mi="1" ci="0" mb="0" cb="0"/><line nr="67" mi="1" ci="0" mb="0" cb="0"/><counter type="INSTRUCTION" missed="72" covered="0"/><counter type="BRANCH" missed="2" covered="0"/><counter type="LINE" missed="17" covered="0"/><counter type="COMPLEXITY" missed="4" covered="0"/><counter type="METHOD" missed="3" covered="0"/><counter type="CLASS" missed="1" covered="0"/></sourcefile><sourcefile name="ECGDataGenerator.java"><line nr="8" mi="5" ci="0" mb="0" cb="0"/><line nr="12" mi="2" ci="0" mb="0" cb="0"/><line nr="13" mi="6" ci="0" mb="0" cb="0"/><line nr="15" mi="7" ci="0" mb="2" cb="0"/><line nr="16" mi="5" ci="0" mb="0" cb="0"/><line nr="18" mi="1" ci="0" mb="0" cb="0"/><line nr="24" mi="8" ci="0" mb="0" cb="0"/><line nr="25" mi="7" ci="0" mb="0" cb="0"/><line nr="26" mi="5" ci="0" mb="0" cb="0"/><line nr="27" mi="1" ci="0" mb="0" cb="0"/><line nr="28" mi="4" ci="0" mb="0" cb="0"/><line nr="29" mi="2" ci="0" mb="0" cb="0"/><line nr="30" mi="1" ci="0" mb="0" cb="0"/><line nr="31" mi="1" ci="0" mb="0" cb="0"/><line nr="35" mi="7" ci="0" mb="0" cb="0"/><line nr="36" mi="5" ci="0" mb="0" cb="0"/><line nr="37" mi="4" ci="0" mb="0" cb="0"/><line nr="40" mi="9" ci="0" mb="0" cb="0"/><line nr="41" mi="9" ci="0" mb="0" cb="0"/><line nr="42" mi="11" ci="0" mb="0" cb="0"/><line nr="44" mi="11" ci="0" mb="0" cb="0"/><counter type="INSTRUCTION" missed="111" covered="0"/><counter type="BRANCH" missed="2" covered="0"/><counter type="LINE" missed="21" covered="0"/><counter type="COMPLEXITY" missed="5" covered="0"/><counter type="METHOD" missed="4" covered="0"/><counter type="CLASS" missed="1" covered="0"/></sourcefile><sourcefile name="AlertGenerator.java"><line nr="19" mi="5" ci="0" mb="0" cb="0"/><line nr="33" mi="2" ci="0" mb="0" cb="0"/><line nr="34" mi="6" ci="0" mb="0" cb="0"/><line nr="35" mi="1" ci="0" mb="0" cb="0"/><line nr="51" mi="5" ci="0" mb="2" cb="0"/><line nr="52" mi="5" ci="0" mb="2" cb="0"/><line nr="53" mi="5" ci="0" mb="0" cb="0"/><line nr="55" mi="7" ci="0" mb="0" cb="0"/><line nr="59" mi="2" ci="0" mb="0" cb="0"/><line nr="60" mi="5" ci="0" mb="0" cb="0"/><line nr="61" mi="9" ci="0" mb="2" cb="0"/><line nr="63" mi="2" ci="0" mb="2" cb="0"/><line nr="64" mi="5" ci="0" mb="0" cb="0"/><line nr="66" mi="6" ci="0" mb="0" cb="0"/><line nr="69" mi="1" ci="0" mb="0" cb="0"/><line nr="70" mi="4" ci="0" mb="0" cb="0"/><line nr="71" mi="2" ci="0" mb="0" cb="0"/><line nr="72" mi="1" ci="0" mb="0" cb="0"/><line nr="73" mi="1" ci="0" mb="0" cb="0"/><counter type="INSTRUCTION" missed="74" covered="0"/><counter type="BRANCH" missed="8" covered="0"/><counter type="LINE" missed="19" covered="0"/><counter type="COMPLEXITY" missed="7" covered="0"/><counter type="METHOD" missed="3" covered="0"/><counter type="CLASS" missed="1" covered="0"/></sourcefile><sourcefile name="BloodPressureDataGenerator.java"><line nr="8" mi="5" ci="0" mb="0" cb="0"/><line nr="13" mi="2" ci="0" mb="0" cb="0"/><line nr="14" mi="6" ci="0" mb="0" cb="0"/><line nr="15" mi="6" ci="0" mb="0" cb="0"/><line nr="18" mi="7" ci="0" mb="2" cb="0"/><line nr="19" mi="9" ci="0" mb="0" cb="0"/><line nr="20" mi="9" ci="0" mb="0" cb="0"/><line nr="22" mi="1" ci="0" mb="0" cb="0"/><line nr="27" mi="6" ci="0" mb="0" cb="0"/><line nr="28" mi="6" ci="0" mb="0" cb="0"/><line nr="29" mi="7" ci="0" mb="0" cb="0"/><line nr="30" mi="7" ci="0" mb="0" cb="0"/><line nr="32" mi="6" ci="0" mb="0" cb="0"/><line nr="33" mi="6" ci="0" mb="0" cb="0"/><line nr="34" mi="5" ci="0" mb="0" cb="0"/><line nr="35" mi="5" ci="0" mb="0" cb="0"/><line nr="37" mi="7" ci="0" mb="0" cb="0"/><line nr="38" mi="1" ci="0" mb="0" cb="0"/><line nr="39" mi="7" ci="0" mb="0" cb="0"/><line nr="40" mi="1" ci="0" mb="0" cb="0"/><line nr="41" mi="1" ci="0" mb="0" cb="0"/><line nr="42" mi="4" ci="0" mb="0" cb="0"/><line nr="43" mi="2" ci="0" mb="0" cb="0"/><line nr="44" mi="1" ci="0" mb="0" cb="0"/><line nr="45" mi="1" ci="0" mb="0" cb="0"/><counter type="INSTRUCTION" missed="118" covered="0"/><counter type="BRANCH" missed="2" covered="0"/><counter type="LINE" missed="25" covered="0"/><counter type="COMPLEXITY" missed="4" covered="0"/><counter type="METHOD" missed="3" covered="0"/><counter type="CLASS" missed="1" covered="0"/></sourcefile><sourcefile name="BloodLevelsDataGenerator.java"><line nr="8" mi="5" ci="0" mb="0" cb="0"/><line nr="13" mi="2" ci="0" mb="0" cb="0"/><line nr="15" mi="6" ci="0" mb="0" cb="0"/><line nr="16" mi="6" ci="0" mb="0" cb="0"/><line nr="17" mi="6" ci="0" mb="0" cb="0"/><line nr="20" mi="7" ci="0" mb="2" cb="0"/><line nr="21" mi="10" ci="0" mb="0" cb="0"/><line nr="22" mi="10" ci="0" mb="0" cb="0"/><line nr="23" mi="10" ci="0" mb="0" cb="0"/><line nr="25" mi="1" ci="0" mb="0" cb="0"/><line nr="31" mi="12" ci="0" mb="0" cb="0"/><line nr="32" mi="12" ci="0" mb="0" cb="0"/><line nr="33" mi="12" ci="0" mb="0" cb="0"/><line nr="36" mi="7" ci="0" mb="0" cb="0"/><line nr="37" mi="6" ci="0" mb="0" cb="0"/><line nr="38" mi="1" ci="0" mb="0" cb="0"/><line nr="39" mi="7" ci="0" mb="0" cb="0"/><line nr="40" mi="1" ci="0" mb="0" cb="0"/><line nr="41" mi="4" ci="0" mb="0" cb="0"/><line nr="42" mi="2" ci="0" mb="0" cb="0"/><line nr="43" mi="1" ci="0" mb="0" cb="0"/><line nr="44" mi="1" ci="0" mb="0" cb="0"/><counter type="INSTRUCTION" missed="129" covered="0"/><counter type="BRANCH" missed="2" covered="0"/><counter type="LINE" missed="22" covered="0"/><counter type="COMPLEXITY" missed="4" covered="0"/><counter type="METHOD" missed="3" covered="0"/><counter type="CLASS" missed="1" covered="0"/></sourcefile><sourcefile name="PatientDataGenerator.java"/><counter type="INSTRUCTION" missed="504" covered="0"/><counter type="BRANCH" missed="16" covered="0"/><counter type="LINE" missed="104" covered="0"/><counter type="COMPLEXITY" missed="24" covered="0"/><counter type="METHOD" missed="16" covered="0"/><counter type="CLASS" missed="5" covered="0"/></package><package name="com/data_management"><class name="com/data_management/DataStorage" sourcefilename="DataStorage.java"><method name="&lt;init&gt;" desc="()V" line="22"><counter type="INSTRUCTION" missed="0" covered="8"/><counter type="LINE" missed="0" covered="3"/><counter type="COMPLEXITY" missed="0" covered="1"/><counter type="METHOD" missed="0" covered="1"/></method><method name="addPatientData" desc="(IDLjava/lang/String;J)V" line="40"><counter type="INSTRUCTION" missed="0" covered="27"/><counter type="BRANCH" missed="0" covered="2"/><counter type="LINE" missed="0" covered="6"/><counter type="COMPLEXITY" missed="0" covered="2"/><counter type="METHOD" missed="0" covered="1"/></method><method name="getRecords" desc="(IJJ)Ljava/util/List;" line="62"><counter type="INSTRUCTION" missed="4" covered="14"/><counter type="BRANCH" missed="1" covered="1"/><counter type="LINE" missed="1" covered="3"/><counter type="COMPLEXITY" missed="1" covered="1"/><counter type="METHOD" missed="0" covered="1"/></method><method name="getAllPatients" desc="()Ljava/util/List;" line="75"><counter type="INSTRUCTION" missed="7" covered="0"/><counter type="LINE" missed="1" covered="0"/><counter type="COMPLEXITY" missed="1" covered="0"/><counter type="METHOD" missed="1" covered="0"/></method><method name="main" desc="([Ljava/lang/String;)V" line="88"><counter type="INSTRUCTION" missed="53" covered="0"/><counter type="BRANCH" missed="4" covered="0"/><counter type="LINE" missed="13" covered="0"/><counter type="COMPLEXITY" missed="3" covered="0"/><counter type="METHOD" missed="1" covered="0"/></method><counter type="INSTRUCTION" missed="64" covered="49"/><counter type="BRANCH" missed="5" covered="3"/><counter type="LINE" missed="15" covered="12"/><counter type="COMPLEXITY" missed="5" covered="4"/><counter type="METHOD" missed="2" covered="3"/><counter type="CLASS" missed="0" covered="1"/></class><class name="com/data_management/PatientRecord" sourcefilename="PatientRecord.java"><method name="&lt;init&gt;" desc="(IDLjava/lang/String;J)V" line="28"><counter type="INSTRUCTION" missed="0" covered="15"/><counter type="LINE" missed="0" covered="6"/><counter type="COMPLEXITY" missed="0" covered="1"/><counter type="METHOD" missed="0" covered="1"/></method><method name="getPatientId" desc="()I" line="41"><counter type="INSTRUCTION" missed="0" covered="3"/><counter type="LINE" missed="0" covered="1"/><counter type="COMPLEXITY" missed="0" covered="1"/><counter type="METHOD" missed="0" covered="1"/></method><method name="getMeasurementValue" desc="()D" line="50"><counter type="INSTRUCTION" missed="0" covered="3"/><counter type="LINE" missed="0" covered="1"/><counter type="COMPLEXITY" missed="0" covered="1"/><counter type="METHOD" missed="0" covered="1"/></method><method name="getTimestamp" desc="()J" line="59"><counter type="INSTRUCTION" missed="0" covered="3"/><counter type="LINE" missed="0" covered="1"/><counter type="COMPLEXITY" missed="0" covered="1"/><counter type="METHOD" missed="0" covered="1"/></method><method name="getRecordType" desc="()Ljava/lang/String;" line="68"><counter type="INSTRUCTION" missed="0" covered="3"/><counter type="LINE" missed="0" covered="1"/><counter type="COMPLEXITY" missed="0" covered="1"/><counter type="METHOD" missed="0" covered="1"/></method><counter type="INSTRUCTION" missed="0" covered="27"/><counter type="LINE" missed="0" covered="10"/><counter type="COMPLEXITY" missed="0" covered="5"/><counter type="METHOD" missed="0" covered="5"/><counter type="CLASS" missed="0" covered="1"/></class><class name="com/data_management/FileDataReader" sourcefilename="FileDataReader.java"><method name="&lt;init&gt;" desc="(Ljava/lang/String;)V" line="9"><counter type="INSTRUCTION" missed="0" covered="6"/><counter type="LINE" missed="0" covered="3"/><counter type="COMPLEXITY" missed="0" covered="1"/><counter type="METHOD" missed="0" covered="1"/></method><method name="readData" desc="(Lcom/data_management/DataStorage;)V" line="15"><counter type="INSTRUCTION" missed="0" covered="12"/><counter type="LINE" missed="0" covered="4"/><counter type="COMPLEXITY" missed="0" covered="1"/><counter type="METHOD" missed="0" covered="1"/></method><method name="lambda$readData$1" desc="(Lcom/data_management/DataStorage;Ljava/nio/file/Path;)V" line="18"><counter type="INSTRUCTION" missed="3" covered="44"/><counter type="BRANCH" missed="1" covered="3"/><counter type="LINE" missed="2" covered="12"/><counter type="COMPLEXITY" missed="1" covered="2"/><counter type="METHOD" missed="0" covered="1"/></method><method name="lambda$readData$0" desc="(Ljava/nio/file/Path;)Z" line="16"><counter type="INSTRUCTION" missed="0" covered="5"/><counter type="LINE" missed="0" covered="1"/><counter type="COMPLEXITY" missed="0" covered="1"/><counter type="METHOD" missed="0" covered="1"/></method><counter type="INSTRUCTION" missed="3" covered="67"/><counter type="BRANCH" missed="1" covered="3"/><counter type="LINE" missed="2" covered="19"/><counter type="COMPLEXITY" missed="1" covered="5"/><counter type="METHOD" missed="0" covered="4"/><counter type="CLASS" missed="0" covered="1"/></class><class name="com/data_management/Patient" sourcefilename="Patient.java"><method name="&lt;init&gt;" desc="(I)V" line="22"><counter type="INSTRUCTION" missed="0" covered="11"/><counter type="LINE" missed="0" covered="4"/><counter type="COMPLEXITY" missed="0" covered="1"/><counter type="METHOD" missed="0" covered="1"/></method><method name="addRecord" desc="(DLjava/lang/String;J)V" line="39"><counter type="INSTRUCTION" missed="0" covered="15"/><counter type="LINE" missed="0" covered="3"/><counter type="COMPLEXITY" missed="0" covered="1"/><counter type="METHOD" missed="0" covered="1"/></method><method name="getRecords" desc="(JJ)Ljava/util/List;" line="55"><counter type="INSTRUCTION" missed="0" covered="32"/><counter type="BRANCH" missed="2" covered="4"/><counter type="LINE" missed="0" covered="6"/><counter type="COMPLEXITY" missed="2" covered="2"/><counter type="METHOD" missed="0" covered="1"/></method><method name="getPatientId" desc="()I" line="65"><counter type="INSTRUCTION" missed="0" covered="3"/><counter type="LINE" missed="0" covered="1"/><counter type="COMPLEXITY" missed="0" covered="1"/><counter type="METHOD" missed="0" covered="1"/></method><counter type="INSTRUCTION" missed="0" covered="61"/><counter type="BRANCH" missed="2" covered="4"/><counter type="LINE" missed="0" covered="14"/><counter type="COMPLEXITY" missed="2" covered="5"/><counter type="METHOD" missed="0" covered="4"/><counter type="CLASS" missed="0" covered="1"/></class><class name="com/data_management/DataReader" sourcefilename="DataReader.java"/><sourcefile name="FileDataReader.java"><line nr="9" mi="0" ci="2" mb="0" cb="0"/><line nr="10" mi="0" ci="3" mb="0" cb="0"/><line nr="11" mi="0" ci="1" mb="0" cb="0"/><line nr="15" mi="0" ci="7" mb="0" cb="0"/><line nr="16" mi="0" ci="8" mb="0" cb="0"/><line nr="17" mi="0" ci="1" mb="0" cb="0"/><line nr="18" mi="0" ci="3" mb="0" cb="0"/><line nr="20" mi="0" ci="5" mb="0" cb="2"/><line nr="21" mi="0" ci="4" mb="0" cb="0"/><line nr="22" mi="0" ci="4" mb="1" cb="1"/><line nr="23" mi="0" ci="5" mb="0" cb="0"/><line nr="24" mi="0" ci="5" mb="0" cb="0"/><line nr="25" mi="0" ci="4" mb="0" cb="0"/><line nr="26" mi="0" ci="5" mb="0" cb="0"/><line nr="27" mi="0" ci="6" mb="0" cb="0"/><line nr="29" mi="0" ci="1" mb="0" cb="0"/><line nr="30" mi="1" ci="0" mb="0" cb="0"/><line nr="31" mi="2" ci="0" mb="0" cb="0"/><line nr="32" mi="0" ci="1" mb="0" cb="0"/><line nr="33" mi="0" ci="1" mb="0" cb="0"/><line nr="34" mi="0" ci="1" mb="0" cb="0"/><counter type="INSTRUCTION" missed="3" covered="67"/><counter type="BRANCH" missed="1" covered="3"/><counter type="LINE" missed="2" covered="19"/><counter type="COMPLEXITY" missed="1" covered="5"/><counter type="METHOD" missed="0" covered="4"/><counter type="CLASS" missed="0" covered="1"/></sourcefile><sourcefile name="Patient.java"><line nr="22" mi="0" ci="2" mb="0" cb="0"/><line nr="23" mi="0" ci="3" mb="0" cb="0"/><line nr="24" mi="0" ci="5" mb="0" cb="0"/><line nr="25" mi="0" ci="1" mb="0" cb="0"/><line nr="39" mi="0" ci="9" mb="0" cb="0"/><line nr="40" mi="0" ci="5" mb="0" cb="0"/><line nr="41" mi="0" ci="1" mb="0" cb="0"/><line nr="55" mi="0" ci="4" mb="0" cb="0"/><line nr="56" mi="0" ci="11" mb="0" cb="2"/><line nr="57" mi="0" ci="10" mb="2" cb="2"/><line nr="58" mi="0" ci="4" mb="0" cb="0"/><line nr="60" mi="0" ci="1" mb="0" cb="0"/><line nr="61" mi="0" ci="2" mb="0" cb="0"/><line nr="65" mi="0" ci="3" mb="0" cb="0"/><counter type="INSTRUCTION" missed="0" covered="61"/><counter type="BRANCH" missed="2" covered="4"/><counter type="LINE" missed="0" covered="14"/><counter type="COMPLEXITY" missed="2" covered="5"/><counter type="METHOD" missed="0" covered="4"/><counter type="CLASS" missed="0" covered="1"/></sourcefile><sourcefile name="PatientRecord.java"><line nr="28" mi="0" ci="2" mb="0" cb="0"/><line nr="29" mi="0" ci="3" mb="0" cb="0"/><line nr="30" mi="0" ci="3" mb="0" cb="0"/><line nr="31" mi="0" ci="3" mb="0" cb="0"/><line nr="32" mi="0" ci="3" mb="0" cb="0"/><line nr="33" mi="0" ci="1" mb="0" cb="0"/><line nr="41" mi="0" ci="3" mb="0" cb="0"/><line nr="50" mi="0" ci="3" mb="0" cb="0"/><line nr="59" mi="0" ci="3" mb="0" cb="0"/><line nr="68" mi="0" ci="3" mb="0" cb="0"/><counter type="INSTRUCTION" missed="0" covered="27"/><counter type="LINE" missed="0" covered="10"/><counter type="COMPLEXITY" missed="0" covered="5"/><counter type="METHOD" missed="0" covered="5"/><counter type="CLASS" missed="0" covered="1"/></sourcefile><sourcefile name="DataStorage.java"><line nr="22" mi="0" ci="2" mb="0" cb="0"/><line nr="23" mi="0" ci="5" mb="0" cb="0"/><line nr="24" mi="0" ci="1" mb="0" cb="0"/><line nr="40" mi="0" ci="7" mb="0" cb="0"/><line nr="41" mi="0" ci="2" mb="0" cb="2"/><line nr="42" mi="0" ci="5" mb="0" cb="0"/><line nr="43" mi="0" ci="7" mb="0" cb="0"/><line nr="45" mi="0" ci="5" mb="0" cb="0"/><line nr="46" mi="0" ci="1" mb="0" cb="0"/><line nr="62" mi="0" ci="7" mb="0" cb="0"/><line nr="63" mi="0" ci="2" mb="1" cb="1"/><line nr="64" mi="0" ci="5" mb="0" cb="0"/><line nr="66" mi="4" ci="0" mb="0" cb="0"/><line nr="75" mi="7" ci="0" mb="0" cb="0"/><line nr="88" mi="4" ci="0" mb="0" cb="0"/><line nr="95" mi="6" ci="0" mb="0" cb="0"/><line nr="96" mi="10" ci="0" mb="2" cb="0"/><line nr="97" mi="5" ci="0" mb="0" cb="0"/><line nr="98" mi="2" ci="0" mb="0" cb="0"/><line nr="99" mi="2" ci="0" mb="0" cb="0"/><line nr="100" mi="2" ci="0" mb="0" cb="0"/><line nr="101" mi="1" ci="0" mb="0" cb="0"/><line nr="104" mi="5" ci="0" mb="0" cb="0"/><line nr="107" mi="11" ci="0" mb="2" cb="0"/><line nr="108" mi="3" ci="0" mb="0" cb="0"/><line nr="109" mi="1" ci="0" mb="0" cb="0"/><line nr="110" mi="1" ci="0" mb="0" cb="0"/><counter type="INSTRUCTION" missed="64" covered="49"/><counter type="BRANCH" missed="5" covered="3"/><counter type="LINE" missed="15" covered="12"/><counter type="COMPLEXITY" missed="5" covered="4"/><counter type="METHOD" missed="2" covered="3"/><counter type="CLASS" missed="0" covered="1"/></sourcefile><sourcefile name="DataReader.java"/><counter type="INSTRUCTION" missed="67" covered="204"/><counter type="BRANCH" missed="8" covered="10"/><counter type="LINE" missed="17" covered="55"/><counter type="COMPLEXITY" missed="8" covered="19"/><counter type="METHOD" missed="2" covered="16"/><counter type="CLASS" missed="0" covered="4"/></package><package name="com/alerts"><class name="com/alerts/AlertStrategy" sourcefilename="AlertStrategy.java"/><class name="com/alerts/Alert" sourcefilename="Alert.java"><method name="&lt;init&gt;" desc="(Ljava/lang/String;Ljava/lang/String;J)V" line="9"><counter type="INSTRUCTION" missed="0" covered="12"/><counter type="LINE" missed="0" covered="5"/><counter type="COMPLEXITY" missed="0" covered="1"/><counter type="METHOD" missed="0" covered="1"/></method><method name="getPatientId" desc="()Ljava/lang/String;" line="16"><counter type="INSTRUCTION" missed="3" covered="0"/><counter type="LINE" missed="1" covered="0"/><counter type="COMPLEXITY" missed="1" covered="0"/><counter type="METHOD" missed="1" covered="0"/></method><method name="getCondition" desc="()Ljava/lang/String;" line="20"><counter type="INSTRUCTION" missed="3" covered="0"/><counter type="LINE" missed="1" covered="0"/><counter type="COMPLEXITY" missed="1" covered="0"/><counter type="METHOD" missed="1" covered="0"/></method><method name="getTimestamp" desc="()J" line="24"><counter type="INSTRUCTION" missed="3" covered="0"/><counter type="LINE" missed="1" covered="0"/><counter type="COMPLEXITY" missed="1" covered="0"/><counter type="METHOD" missed="1" covered="0"/></method><counter type="INSTRUCTION" missed="9" covered="12"/><counter type="LINE" missed="3" covered="5"/><counter type="COMPLEXITY" missed="3" covered="1"/><counter type="METHOD" missed="3" covered="1"/><counter type="CLASS" missed="0" covered="1"/></class><class name="com/alerts/AlertGenerator" sourcefilename="AlertGenerator.java"><method name="&lt;init&gt;" desc="(Lcom/data_management/DataStorage;)V" line="28"><counter type="INSTRUCTION" missed="46" covered="0"/><counter type="LINE" missed="9" covered="0"/><counter type="COMPLEXITY" missed="1" covered="0"/><counter type="METHOD" missed="1" covered="0"/></method><method name="evaluateData" desc="(Lcom/data_management/Patient;)V" line="51"><counter type="INSTRUCTION" missed="17" covered="0"/><counter type="BRANCH" missed="2" covered="0"/><counter type="LINE" missed="4" covered="0"/><counter type="COMPLEXITY" missed="2" covered="0"/><counter type="METHOD" missed="1" covered="0"/></method><method name="triggerAlert" desc="(Lcom/alerts/Alert;)V" line="66"><counter type="INSTRUCTION" missed="10" covered="0"/><counter type="LINE" missed="4" covered="0"/><counter type="COMPLEXITY" missed="1" covered="0"/><counter type="METHOD" missed="1" covered="0"/></method><counter type="INSTRUCTION" missed="73" covered="0"/><counter type="BRANCH" missed="2" covered="0"/><counter type="LINE" missed="17" covered="0"/><counter type="COMPLEXITY" missed="4" covered="0"/><counter type="METHOD" missed="3" covered="0"/><counter type="CLASS" missed="1" covered="0"/></class><sourcefile name="AlertStrategy.java"/><sourcefile name="Alert.java"><line nr="9" mi="0" ci="2" mb="0" cb="0"/><line nr="10" mi="0" ci="3" mb="0" cb="0"/><line nr="11" mi="0" ci="3" mb="0" cb="0"/><line nr="12" mi="0" ci="3" mb="0" cb="0"/><line nr="13" mi="0" ci="1" mb="0" cb="0"/><line nr="16" mi="3" ci="0" mb="0" cb="0"/><line nr="20" mi="3" ci="0" mb="0" cb="0"/><line nr="24" mi="3" ci="0" mb="0" cb="0"/><counter type="INSTRUCTION" missed="9" covered="12"/><counter type="LINE" missed="3" covered="5"/><counter type="COMPLEXITY" missed="3" covered="1"/><counter type="METHOD" missed="3" covered="1"/><counter type="CLASS" missed="0" covered="1"/></sourcefile><sourcefile name="AlertGenerator.java"><line nr="28" mi="2" ci="0" mb="0" cb="0"/><line nr="29" mi="3" ci="0" mb="0" cb="0"/><line nr="30" mi="5" ci="0" mb="0" cb="0"/><line nr="31" mi="7" ci="0" mb="0" cb="0"/><line nr="32" mi="7" ci="0" mb="0" cb="0"/><line nr="33" mi="7" ci="0" mb="0" cb="0"/><line nr="34" mi="7" ci="0" mb="0" cb="0"/><line nr="35" mi="7" ci="0" mb="0" cb="0"/><line nr="38" mi="1" ci="0" mb="0" cb="0"/><line nr="51" mi="11" ci="0" mb="2" cb="0"/><line nr="52" mi="4" ci="0" mb="0" cb="0"/><line nr="53" mi="1" ci="0" mb="0" cb="0"/><line nr="54" mi="1" ci="0" mb="0" cb="0"/><line nr="66" mi="5" ci="0" mb="0" cb="0"/><line nr="67" mi="2" ci="0" mb="0" cb="0"/><line nr="68" mi="2" ci="0" mb="0" cb="0"/><line nr="69" mi="1" ci="0" mb="0" cb="0"/><counter type="INSTRUCTION" missed="73" covered="0"/><counter type="BRANCH" missed="2" covered="0"/><counter type="LINE" missed="17" covered="0"/><counter type="COMPLEXITY" missed="4" covered="0"/><counter type="METHOD" missed="3" covered="0"/><counter type="CLASS" missed="1" covered="0"/></sourcefile><counter type="INSTRUCTION" missed="82" covered="12"/><counter type="BRANCH" missed="2" covered="0"/><counter type="LINE" missed="20" covered="5"/><counter type="COMPLEXITY" missed="7" covered="1"/><counter type="METHOD" missed="6" covered="1"/><counter type="CLASS" missed="1" covered="1"/></package><package name="com/cardio_generator"><class name="com/cardio_generator/HealthDataSimulator" sourcefilename="HealthDataSimulator.java"><method name="&lt;init&gt;" desc="()V" line="35"><counter type="INSTRUCTION" missed="3" covered="0"/><counter type="LINE" missed="1" covered="0"/><counter type="COMPLEXITY" missed="1" covered="0"/><counter type="METHOD" missed="1" covered="0"/></method><method name="main" desc="([Ljava/lang/String;)V" line="51"><counter type="INSTRUCTION" missed="15" covered="0"/><counter type="LINE" missed="6" covered="0"/><counter type="COMPLEXITY" missed="1" covered="0"/><counter type="METHOD" missed="1" covered="0"/></method><method name="parseArguments" desc="([Ljava/lang/String;)V" line="69"><counter type="INSTRUCTION" missed="152" covered="0"/><counter type="BRANCH" missed="20" covered="0"/><counter type="LINE" missed="41" covered="0"/><counter type="COMPLEXITY" missed="12" covered="0"/><counter type="METHOD" missed="1" covered="0"/></method><method name="printHelp" desc="()V" line="134"><counter type="INSTRUCTION" missed="37" covered="0"/><counter type="LINE" missed="13" covered="0"/><counter type="COMPLEXITY" missed="1" covered="0"/><counter type="METHOD" missed="1" covered="0"/></method><method name="initializePatientIds" desc="(I)Ljava/util/List;" line="158"><counter type="INSTRUCTION" missed="18" covered="0"/><counter type="BRANCH" missed="2" covered="0"/><counter type="LINE" missed="4" covered="0"/><counter type="COMPLEXITY" missed="2" covered="0"/><counter type="METHOD" missed="1" covered="0"/></method><method name="scheduleTasksForPatients" desc="(Ljava/util/List;)V" line="174"><counter type="INSTRUCTION" missed="68" covered="0"/><counter type="BRANCH" missed="2" covered="0"/><counter type="LINE" missed="13" covered="0"/><counter type="COMPLEXITY" missed="2" covered="0"/><counter type="METHOD" missed="1" covered="0"/></method><method name="scheduleTask" desc="(Ljava/lang/Runnable;JLjava/util/concurrent/TimeUnit;)V" line="198"><counter type="INSTRUCTION" missed="11" covered="0"/><counter type="LINE" missed="2" covered="0"/><counter type="COMPLEXITY" missed="1" covered="0"/><counter type="METHOD" missed="1" covered="0"/></method><method name="lambda$scheduleTasksForPatients$4" desc="(Lcom/cardio_generator/generators/AlertGenerator;I)V" line="185"><counter type="INSTRUCTION" missed="5" covered="0"/><counter type="LINE" missed="1" covered="0"/><counter type="COMPLEXITY" missed="1" covered="0"/><counter type="METHOD" missed="1" covered="0"/></method><method name="lambda$scheduleTasksForPatients$3" desc="(Lcom/cardio_generator/generators/BloodLevelsDataGenerator;I)V" line="184"><counter type="INSTRUCTION" missed="5" covered="0"/><counter type="LINE" missed="1" covered="0"/><counter type="COMPLEXITY" missed="1" covered="0"/><counter type="METHOD" missed="1" covered="0"/></method><method name="lambda$scheduleTasksForPatients$2" desc="(Lcom/cardio_generator/generators/BloodPressureDataGenerator;I)V" line="183"><counter type="INSTRUCTION" missed="5" covered="0"/><counter type="LINE" missed="1" covered="0"/><counter type="COMPLEXITY" missed="1" covered="0"/><counter type="METHOD" missed="1" covered="0"/></method><method name="lambda$scheduleTasksForPatients$1" desc="(Lcom/cardio_generator/generators/BloodSaturationDataGenerator;I)V" line="182"><counter type="INSTRUCTION" missed="5" covered="0"/><counter type="LINE" missed="1" covered="0"/><counter type="COMPLEXITY" missed="1" covered="0"/><counter type="METHOD" missed="1" covered="0"/></method><method name="lambda$scheduleTasksForPatients$0" desc="(Lcom/cardio_generator/generators/ECGDataGenerator;I)V" line="181"><counter type="INSTRUCTION" missed="5" covered="0"/><counter type="LINE" missed="1" covered="0"/><counter type="COMPLEXITY" missed="1" covered="0"/><counter type="METHOD" missed="1" covered="0"/></method><method name="&lt;clinit&gt;" desc="()V" line="37"><counter type="INSTRUCTION" missed="11" covered="0"/><counter type="LINE" missed="3" covered="0"/><counter type="COMPLEXITY" missed="1" covered="0"/><counter type="METHOD" missed="1" covered="0"/></method><counter type="INSTRUCTION" missed="340" covered="0"/><counter type="BRANCH" missed="24" covered="0"/><counter type="LINE" missed="83" covered="0"/><counter type="COMPLEXITY" missed="26" covered="0"/><counter type="METHOD" missed="13" covered="0"/><counter type="CLASS" missed="1" covered="0"/></class><sourcefile name="HealthDataSimulator.java"><line nr="35" mi="3" ci="0" mb="0" cb="0"/><line nr="37" mi="2" ci="0" mb="0" cb="0"/><line nr="39" mi="4" ci="0" mb="0" cb="0"/><line nr="40" mi="5" ci="0" mb="0" cb="0"/><line nr="51" mi="2" ci="0" mb="0" cb="0"/><line nr="53" mi="5" ci="0" mb="0" cb="0"/><line nr="55" mi="3" ci="0" mb="0" cb="0"/><line nr="56" mi="2" ci="0" mb="0" cb="0"/><line nr="58" mi="2" ci="0" mb="0" cb="0"/><line nr="59" mi="1" ci="0" mb="0" cb="0"/><line nr="69" mi="8" ci="0" mb="2" cb="0"/><line nr="70" mi="10" ci="0" mb="4" cb="0"/><line nr="72" mi="1" ci="0" mb="0" cb="0"/><line nr="73" mi="2" ci="0" mb="0" cb="0"/><line nr="74" mi="1" ci="0" mb="0" cb="0"/><line nr="76" mi="6" ci="0" mb="2" cb="0"/><line nr="78" mi="6" ci="0" mb="0" cb="0"/><line nr="79" mi="1" ci="0" mb="0" cb="0"/><line nr="80" mi="3" ci="0" mb="0" cb="0"/><line nr="81" mi="1" ci="0" mb="0" cb="0"/><line nr="82" mi="2" ci="0" mb="0" cb="0"/><line nr="86" mi="6" ci="0" mb="2" cb="0"/><line nr="87" mi="5" ci="0" mb="0" cb="0"/><line nr="88" mi="4" ci="0" mb="2" cb="0"/><line nr="89" mi="5" ci="0" mb="0" cb="0"/><line nr="90" mi="4" ci="0" mb="2" cb="0"/><line nr="91" mi="4" ci="0" mb="0" cb="0"/><line nr="92" mi="5" ci="0" mb="0" cb="0"/><line nr="93" mi="5" ci="0" mb="2" cb="0"/><line nr="94" mi="5" ci="0" mb="0" cb="0"/><line nr="96" mi="5" ci="0" mb="0" cb="0"/><line nr="97" mi="5" ci="0" mb="2" cb="0"/><line nr="99" mi="5" ci="0" mb="0" cb="0"/><line nr="101" mi="5" ci="0" mb="0" cb="0"/><line nr="102" mi="4" ci="0" mb="0" cb="0"/><line nr="103" mi="1" ci="0" mb="0" cb="0"/><line nr="104" mi="3" ci="0" mb="0" cb="0"/><line nr="106" mi="2" ci="0" mb="0" cb="0"/><line nr="107" mi="4" ci="0" mb="2" cb="0"/><line nr="109" mi="5" ci="0" mb="0" cb="0"/><line nr="111" mi="5" ci="0" mb="0" cb="0"/><line nr="112" mi="4" ci="0" mb="0" cb="0"/><line nr="113" mi="1" ci="0" mb="0" cb="0"/><line nr="114" mi="3" ci="0" mb="0" cb="0"/><line nr="115" mi="2" ci="0" mb="0" cb="0"/><line nr="117" mi="3" ci="0" mb="0" cb="0"/><line nr="119" mi="1" ci="0" mb="0" cb="0"/><line nr="122" mi="6" ci="0" mb="0" cb="0"/><line nr="123" mi="1" ci="0" mb="0" cb="0"/><line nr="124" mi="2" ci="0" mb="0" cb="0"/><line nr="127" mi="1" ci="0" mb="0" cb="0"/><line nr="134" mi="3" ci="0" mb="0" cb="0"/><line nr="135" mi="3" ci="0" mb="0" cb="0"/><line nr="136" mi="3" ci="0" mb="0" cb="0"/><line nr="137" mi="3" ci="0" mb="0" cb="0"/><line nr="139" mi="3" ci="0" mb="0" cb="0"/><line nr="140" mi="3" ci="0" mb="0" cb="0"/><line nr="141" mi="3" ci="0" mb="0" cb="0"/><line nr="142" mi="3" ci="0" mb="0" cb="0"/><line nr="143" mi="3" ci="0" mb="0" cb="0"/><line nr="144" mi="3" ci="0" mb="0" cb="0"/><line nr="145" mi="3" ci="0" mb="0" cb="0"/><line nr="146" mi="3" ci="0" mb="0" cb="0"/><line nr="148" mi="1" ci="0" mb="0" cb="0"/><line nr="158" mi="4" ci="0" mb="0" cb="0"/><line nr="159" mi="7" ci="0" mb="2" cb="0"/><line nr="160" mi="5" ci="0" mb="0" cb="0"/><line nr="162" mi="2" ci="0" mb="0" cb="0"/><line nr="174" mi="5" ci="0" mb="0" cb="0"/><line nr="175" mi="5" ci="0" mb="0" cb="0"/><line nr="176" mi="5" ci="0" mb="0" cb="0"/><line nr="177" mi="5" ci="0" mb="0" cb="0"/><line nr="178" mi="5" ci="0" mb="0" cb="0"/><line nr="180" mi="11" ci="0" mb="2" cb="0"/><line nr="181" mi="11" ci="0" mb="0" cb="0"/><line nr="182" mi="11" ci="0" mb="0" cb="0"/><line nr="183" mi="11" ci="0" mb="0" cb="0"/><line nr="184" mi="11" ci="0" mb="0" cb="0"/><line nr="185" mi="11" ci="0" mb="0" cb="0"/><line nr="186" mi="1" ci="0" mb="0" cb="0"/><line nr="187" mi="1" ci="0" mb="0" cb="0"/><line nr="198" mi="10" ci="0" mb="0" cb="0"/><line nr="199" mi="1" ci="0" mb="0" cb="0"/><counter type="INSTRUCTION" missed="340" covered="0"/><counter type="BRANCH" missed="24" covered="0"/><counter type="LINE" missed="83" covered="0"/><counter type="COMPLEXITY" missed="26" covered="0"/><counter type="METHOD" missed="13" covered="0"/><counter type="CLASS" missed="1" covered="0"/></sourcefile><counter type="INSTRUCTION" missed="340" covered="0"/><counter type="BRANCH" missed="24" covered="0"/><counter type="LINE" missed="83" covered="0"/><counter type="COMPLEXITY" missed="26" covered="0"/><counter type="METHOD" missed="13" covered="0"/><counter type="CLASS" missed="1" covered="0"/></package><counter type="INSTRUCTION" missed="1288" covered="921"/><counter type="BRANCH" missed="65" covered="68"/><counter type="LINE" missed="286" covered="203"/><counter type="COMPLEXITY" missed="94" covered="61"/><counter type="METHOD" missed="53" covered="34"/><counter type="CLASS" missed="12" covered="10"/></report>